--- Wed Nov 15 13:18:58 2017 ---
[
	{"username": "123"},
	{"password": "123"},
	{"result": "true"}
]


--- Wed Nov 15 13:20:27 2017 ---
[
	{"username": "123"},
	{"password": "123"},
	{"result": "false"}
]


--- Wed Nov 15 13:20:52 2017 ---
[
	{"username": "123"},
	{"password": "456"},
	{"result": "true"}
]


--- Fri Dec  8 21:14:01 2017 ---
[
	{"username": "123"},
	{"password": "123"},
	{"result": "true"}
]


--- Fri Dec  8 21:14:32 2017 ---
[
	{"username": "1"},
	{"password": "1"},
	{"result": "false"}
]


