--- Tue Oct  3 21:56:25 2017 ---
[
	{"username": "123"},
	{"password": "123"},
	{"result": "true"}
]
--- Tue Oct  3 22:03:07 2017 ---
[
	{"username": "234"},
	{"password": "234"},
	{"result": "true"}
]


--- Tue Oct  3 22:09:34 2017 ---
[
	{"username": "456"},
	{"password": "456"},
	{"result": "true"}
]


--- Tue Oct  3 22:11:38 2017 ---
[
	{"username": "234"},
	{"password": "234"},
	{"result": "true"}
]


--- Tue Oct  3 22:12:46 2017 ---
[
	{"username": "123"},
	{"password": "123"},
	{"result": "true"}
]

