--- Fri Sep  1 19:53:17 2017 ---
[
	{"username": "123"},
	{"password": "234"},
	{"result": "false"}
]


--- Thu Sep  7 20:59:22 2017 ---
[
	{"username": "123"},
	{"password": "234"},
	{"result": "false"}
]


--- Thu Sep  7 21:35:31 2017 ---
[
	{"username": "123"},
	{"password": "123"},
	{"result": "true"}
]


--- Thu Sep  7 21:35:47 2017 ---
[
	{"username": "123"},
	{"password": "234"},
	{"result": "false"}
]


--- Thu Sep  7 21:37:32 2017 ---
[
	{"username": "123"},
	{"password": "234"},
	{"result": "false"}
]


--- Thu Sep  7 21:41:20 2017 ---
[
	{"username": "123"},
	{"password": "234"},
	{"result": "false"}
]


--- Thu Sep  7 21:50:58 2017 ---
[
	{"username": "123"},
	{"password": "123"},
	{"result": "true"}
]


--- Thu Sep  7 21:51:53 2017 ---
[
	{"username": "123"},
	{"password": "123"},
	{"result": "true"}
]


--- Thu Sep  7 21:51:56 2017 ---
[
	{"username": "123"},
	{"password": "123"},
	{"result": "true"}
]


--- Thu Sep  7 21:52:09 2017 ---
[
	{"username": "123"},
	{"password": "123"},
	{"result": "true"}
]


--- Thu Sep  7 21:52:30 2017 ---
[
	{"username": "123"},
	{"password": "12"},
	{"result": "false"}
]


--- Thu Sep  7 21:52:32 2017 ---
[
	{"username": "123"},
	{"password": "12"},
	{"result": "false"}
]


--- Thu Sep  7 21:52:39 2017 ---
[
	{"username": "123"},
	{"password": "12"},
	{"result": "false"}
]


--- Thu Sep  7 21:52:41 2017 ---
[
	{"username": "123"},
	{"password": "12"},
	{"result": "false"}
]


--- Thu Sep  7 21:52:46 2017 ---
[
	{"username": "123"},
	{"password": "123"},
	{"result": "true"}
]


--- Thu Sep  7 21:52:49 2017 ---
[
	{"username": "123"},
	{"password": "1"},
	{"result": "false"}
]


--- Thu Sep  7 21:53:04 2017 ---
[
	{"username": "123"},
	{"password": "12"},
	{"result": "false"}
]


--- Thu Sep  7 21:53:11 2017 ---
[
	{"username": "123"},
	{"password": "123"},
	{"result": "true"}
]


--- Thu Sep  7 21:53:18 2017 ---
[
	{"username": "234"},
	{"password": "234"},
	{"result": "true"}
]


--- Thu Sep  7 21:53:20 2017 ---
[
	{"username": "234"},
	{"password": "234"},
	{"result": "true"}
]


--- Thu Sep  7 21:53:22 2017 ---
[
	{"username": "234"},
	{"password": "23"},
	{"result": "false"}
]


--- Thu Sep  7 21:53:32 2017 ---
[
	{"username": "234"},
	{"password": "234"},
	{"result": "true"}
]


--- Thu Sep  7 21:53:42 2017 ---
[
	{"username": "234"},
	{"password": "234"},
	{"result": "true"}
]


--- Thu Sep  7 21:53:45 2017 ---
[
	{"username": "234"},
	{"password": "234"},
	{"result": "true"}
]


--- Thu Sep  7 21:56:11 2017 ---
[
	{"username": "234"},
	{"password": "234"},
	{"result": "true"}
]


--- Fri Sep  8 07:50:37 2017 ---
[
	{"username": "234"},
	{"password": "234"},
	{"result": "true"}
]


--- Fri Sep  8 08:01:22 2017 ---
[
	{"username": "231"},
	{"password": "234"},
	{"result": "false"}
]


--- Fri Sep  8 08:02:25 2017 ---
[
	{"username": "123"},
	{"password": "234"},
	{"result": "false"}
]


--- Fri Sep  8 08:03:17 2017 ---
[
	{"username": "123"},
	{"password": "234"},
	{"result": "false"}
]


